<?xml version="1.0" encoding="UTF-8"?>
<!-- Generated by org.testng.reporters.JUnitXMLReporter -->
<testsuite ignored="0" hostname="LAPTOP-COQBGG19" failures="1" tests="1" name="edge" time="6.34" errors="0" timestamp="2025-05-03T15:52:18 IST">
  <testcase classname="testCases.Sign_up_Page_tc001" name="verifyabletoaddsignup" time="1.166">
    <failure type="java.lang.AssertionError" message="null">
      <![CDATA[java.lang.AssertionError: null
at testCases.Sign_up_Page_tc001.verifyabletoaddsignup(Sign_up_Page_tc001.java:43)
at java.base/java.util.ArrayList.forEach(ArrayList.java:1596)
at java.base/java.util.concurrent.FutureTask.run(FutureTask.java:317)
at java.base/java.util.concurrent.ThreadPoolExecutor.runWorker(ThreadPoolExecutor.java:1144)
at java.base/java.util.concurrent.ThreadPoolExecutor$Worker.run(ThreadPoolExecutor.java:642)
at java.base/java.lang.Thread.run(Thread.java:1583)
... Removed 17 stack frames]]>
    </failure>
  </testcase> <!-- verifyabletoaddsignup -->
</testsuite> <!-- edge -->
