<?xml version="1.0" encoding="UTF-8"?>
<!-- Generated by org.testng.reporters.JUnitXMLReporter -->
<testsuite ignored="0" hostname="LAPTOP-COQBGG19" failures="2" tests="4" name="t" time="6.403" errors="0" timestamp="2025-05-03T17:06:45 IST">
  <testcase classname="testCases.TC003_loginDDT" name="verifyloginddt" time="0.481"/>
  <testcase classname="testCases.TC003_loginDDT" name="verifyloginddt" time="0.773">
    <failure type="java.lang.AssertionError" message="null">
      <![CDATA[java.lang.AssertionError: null
at testCases.TC003_loginDDT.verifyloginddt(TC003_loginDDT.java:61)
at java.base/java.util.ArrayList.forEach(ArrayList.java:1596)
... Removed 27 stack frames]]>
    </failure>
  </testcase> <!-- verifyloginddt -->
  <testcase classname="testCases.TC003_loginDDT" name="verifyloginddt" time="0.391"/>
  <testcase classname="testCases.TC003_loginDDT" name="verifyloginddt" time="1.29">
    <failure type="java.lang.AssertionError" message="null">
      <![CDATA[java.lang.AssertionError: null
at testCases.TC003_loginDDT.verifyloginddt(TC003_loginDDT.java:61)
at java.base/java.util.ArrayList.forEach(ArrayList.java:1596)
... Removed 27 stack frames]]>
    </failure>
  </testcase> <!-- verifyloginddt -->
</testsuite> <!-- t -->
